Using pre-set license
Built from '2020.3/release' branch; Version is '2020.3.12f1 (b3b2c6512326) revision 11776710'; Using compiler version '192528614'; Build Type 'Release'
OS: 'Windows 10 Home; OS build 19042.1288; Version 2009; 64bit' Language: 'zh' Physical Memory: 32635 MB
BatchMode: 1, IsHumanControllingUs: 0, StartBugReporterOnCrash: 0, Is64bit: 1, IsPro: 0

 COMMAND LINE ARGUMENTS:
C:\Program Files\Unity\Hub\Editor\2020.3.15f2\Editor\Unity.exe
-adb2
-batchMode
-noUpm
-name
AssetImportWorker0
-projectPath
D:/gamedevelope/Game-Development-Task-2/Game Development Task
-logFile
Logs/AssetImportWorker0.log
-srvPort
62791
Successfully changed project path to: D:/gamedevelope/Game-Development-Task-2/Game Development Task
D:/gamedevelope/Game-Development-Task-2/Game Development Task
Using Asset Import Pipeline V2.
Refreshing native plugins compatible for Editor in 21.49 ms, found 2 plugins.
Preloading 0 native plugins for Editor in 0.00 ms.
Initialize engine version: 2020.3.12f1 (b3b2c6512326)
[Subsystems] Discovering subsystems at path C:/Program Files/Unity/Hub/Editor/2020.3.15f2/Editor/Data/Resources/UnitySubsystems
[Subsystems] Discovering subsystems at path D:/gamedevelope/Game-Development-Task-2/Game Development Task/Assets
GfxDevice: creating device client; threaded=0
Direct3D:
    Version:  Direct3D 11.0 [level 11.1]
    Renderer: NVIDIA GeForce RTX 3070 Ti (ID=0x2482)
    Vendor:   
    VRAM:     8041 MB
    Driver:   30.0.14.7212
Initialize mono
Mono path[0] = 'C:/Program Files/Unity/Hub/Editor/2020.3.15f2/Editor/Data/Managed'
Mono path[1] = 'C:/Program Files/Unity/Hub/Editor/2020.3.15f2/Editor/Data/MonoBleedingEdge/lib/mono/unityjit'
Mono config path = 'C:/Program Files/Unity/Hub/Editor/2020.3.15f2/Editor/Data/MonoBleedingEdge/etc'
Using monoOptions --debugger-agent=transport=dt_socket,embedding=1,server=y,suspend=n,address=127.0.0.1:56388
Begin MonoManager ReloadAssembly
Registering precompiled unity dll's ...
Register platform support module: C:/Program Files/Unity/Hub/Editor/2020.3.15f2/Editor/Data/PlaybackEngines/WindowsStandaloneSupport/UnityEditor.WindowsStandalone.Extensions.dll
Registered in 0.003169 seconds.
Native extension for WindowsStandalone target not found
Refreshing native plugins compatible for Editor in 19.08 ms, found 2 plugins.
Preloading 0 native plugins for Editor in 0.00 ms.
Mono: successfully reloaded assembly
- Completed reload, in  0.928 seconds
Platform modules already initialized, skipping
Registering precompiled user dll's ...
Registered in 0.002098 seconds.
Begin MonoManager ReloadAssembly
Native extension for WindowsStandalone target not found
Refreshing native plugins compatible for Editor in 0.19 ms, found 2 plugins.
Preloading 0 native plugins for Editor in 0.00 ms.
Mono: successfully reloaded assembly
- Completed reload, in  0.682 seconds
Platform modules already initialized, skipping
========================================================================
Worker process is ready to serve import requests
Launched and connected shader compiler UnityShaderCompiler.exe after 0.05 seconds
Refreshing native plugins compatible for Editor in 0.25 ms, found 2 plugins.
Preloading 0 native plugins for Editor in 0.00 ms.
Unloading 1386 Unused Serialized files (Serialized files now loaded: 0)
System memory in use before: 64.6 MB.
System memory in use after: 64.7 MB.

Unloading 19 unused Assets to reduce memory usage. Loaded Objects now: 1819.
Total: 1.313300 ms (FindLiveObjects: 0.096900 ms CreateObjectMapping: 0.028200 ms MarkObjects: 1.111100 ms  DeleteObjects: 0.076300 ms)

AssetImportParameters requested are different than current active one (requested -> active):
  custom:framework-win-MediaFoundation: 216162199b28c13a410421893ffa2e32 -> 
  custom:video-decoder-ogg-theora: a1e56fd34408186e4bbccfd4996cb3dc -> 
  custom:container-muxer-webm: aa71ff27fc2769a1b78a27578f13a17b -> 
  custom:container-demuxer-webm: 4f35f7cbe854078d1ac9338744f61a02 -> 
  custom:container-demuxer-ogg: 62fdf1f143b41e24485cea50d1cbac27 -> 
  custom:video-encoder-webm-vp8: eb34c28f22e8b96e1ab97ce403110664 -> 
  custom:video-decoder-webm-vp8: 9c59270c3fd7afecdb556c50c9e8de78 -> 
  custom:audio-decoder-ogg-vorbis: bf7c407c2cedff20999df2af8eb42d56 -> 
  custom:audio-encoder-webm-vorbis: bf7c407c2cedff20999df2af8eb42d56 -> 
========================================================================
Received Import Request.
  path: Assets/Models/Material/skin_adventurer.png
  artifactKey: Guid(b192ea00f2d79114b888108dfa9c9e68) Importer(815301076,1909f56bfc062723c751e8b465ee728b)
Start importing Assets/Models/Material/skin_adventurer.png using Guid(b192ea00f2d79114b888108dfa9c9e68) Importer(815301076,1909f56bfc062723c751e8b465ee728b)  -> (artifact id: 'fb12618ea7ae6a0d8549b2086e8c043c') in 0.090294 seconds 
  Import took 0.091830 seconds .

========================================================================
Received Import Request.
  Time since last request: 0.002134 seconds.
  path: Assets/Models/Material/skin_robot.png
  artifactKey: Guid(d47330ede03b664488639eea85348651) Importer(815301076,1909f56bfc062723c751e8b465ee728b)
Start importing Assets/Models/Material/skin_robot.png using Guid(d47330ede03b664488639eea85348651) Importer(815301076,1909f56bfc062723c751e8b465ee728b)  -> (artifact id: 'bc6f3bff22f14757b2356a8dd1a7b9f2') in 0.008616 seconds 
  Import took 0.010299 seconds .

========================================================================
Received Import Request.
  Time since last request: 0.002201 seconds.
  path: Assets/Models/Material/skin_woman.png
  artifactKey: Guid(7f2ea1c5ae1faef44ae080e742a75169) Importer(815301076,1909f56bfc062723c751e8b465ee728b)
Start importing Assets/Models/Material/skin_woman.png using Guid(7f2ea1c5ae1faef44ae080e742a75169) Importer(815301076,1909f56bfc062723c751e8b465ee728b)  -> (artifact id: 'a8d62e695007a2a0a09471bec4ed3fcb') in 0.008022 seconds 
  Import took 0.009687 seconds .

========================================================================
Received Import Request.
  Time since last request: 0.002511 seconds.
  path: Assets/Models/Material/skin_soldier.png
  artifactKey: Guid(4981c6928ed27c6489fd2302c9a6154b) Importer(815301076,1909f56bfc062723c751e8b465ee728b)
Start importing Assets/Models/Material/skin_soldier.png using Guid(4981c6928ed27c6489fd2302c9a6154b) Importer(815301076,1909f56bfc062723c751e8b465ee728b)  -> (artifact id: '77b4d29dc209fe0c6b4a3a06a7374291') in 0.008063 seconds 
  Import took 0.009759 seconds .

========================================================================
Received Import Request.
  Time since last request: 0.002267 seconds.
  path: Assets/Models/Material
  artifactKey: Guid(aa479db044e72f347b1cd5807b3111c5) Importer(815301076,1909f56bfc062723c751e8b465ee728b)
Start importing Assets/Models/Material using Guid(aa479db044e72f347b1cd5807b3111c5) Importer(815301076,1909f56bfc062723c751e8b465ee728b)  -> (artifact id: '8cedf0c5606803e22be418101076da3c') in 0.002574 seconds 
  Import took 0.004124 seconds .

========================================================================
Received Import Request.
  Time since last request: 0.002168 seconds.
  path: Assets/Models/Material/skin_manAlternative.png
  artifactKey: Guid(b9cc9c84c75afb54686bd42963d567e4) Importer(815301076,1909f56bfc062723c751e8b465ee728b)
Start importing Assets/Models/Material/skin_manAlternative.png using Guid(b9cc9c84c75afb54686bd42963d567e4) Importer(815301076,1909f56bfc062723c751e8b465ee728b)  -> (artifact id: 'de0b039aae9daae91cb4821ed1c308b7') in 0.007748 seconds 
  Import took 0.009329 seconds .

========================================================================
Received Import Request.
  Time since last request: 0.002401 seconds.
  path: Assets/Models/Material/skin_orc.png
  artifactKey: Guid(fa21043c1176c6649ae6b7e73665eda3) Importer(815301076,1909f56bfc062723c751e8b465ee728b)
Start importing Assets/Models/Material/skin_orc.png using Guid(fa21043c1176c6649ae6b7e73665eda3) Importer(815301076,1909f56bfc062723c751e8b465ee728b)  -> (artifact id: '4e6f97580ab25313b7ff06eb559ef41a') in 0.006799 seconds 
  Import took 0.008382 seconds .

========================================================================
Received Import Request.
  Time since last request: 0.002930 seconds.
  path: Assets/Models/Material/skin_robot.mat
  artifactKey: Guid(c8f007ec1b937fb4d9a0ef753dbe8f97) Importer(815301076,1909f56bfc062723c751e8b465ee728b)
Start importing Assets/Models/Material/skin_robot.mat using Guid(c8f007ec1b937fb4d9a0ef753dbe8f97) Importer(815301076,1909f56bfc062723c751e8b465ee728b)  -> (artifact id: 'e30fdc4d12e2655717988d429f78ce94') in 0.111430 seconds 
  Import took 0.113109 seconds .

========================================================================
Received Import Request.
  Time since last request: 0.002008 seconds.
  path: Assets/Models/Material/skin_womanAlternative.png
  artifactKey: Guid(416d50f732c69834eb645990200d5a19) Importer(815301076,1909f56bfc062723c751e8b465ee728b)
Start importing Assets/Models/Material/skin_womanAlternative.png using Guid(416d50f732c69834eb645990200d5a19) Importer(815301076,1909f56bfc062723c751e8b465ee728b)  -> (artifact id: '4ee2c6f6c0f366218b2140babaa4c50e') in 0.006478 seconds 
  Import took 0.008113 seconds .

========================================================================
Received Import Request.
  Time since last request: 0.002431 seconds.
  path: Assets/Models/Material/skin_adventurer.mat
  artifactKey: Guid(cfca275426dce754aaeb7d89544cd7ae) Importer(815301076,1909f56bfc062723c751e8b465ee728b)
Start importing Assets/Models/Material/skin_adventurer.mat using Guid(cfca275426dce754aaeb7d89544cd7ae) Importer(815301076,1909f56bfc062723c751e8b465ee728b)  -> (artifact id: '0888096c10aad1366c742cdba585a799') in 0.017096 seconds 
  Import took 0.018686 seconds .

========================================================================
Received Import Request.
  Time since last request: 0.002060 seconds.
  path: Assets/Models/Material/skin_womanAlternative.mat
  artifactKey: Guid(96762f0005604c94bb01dd8f530b53fb) Importer(815301076,1909f56bfc062723c751e8b465ee728b)
Start importing Assets/Models/Material/skin_womanAlternative.mat using Guid(96762f0005604c94bb01dd8f530b53fb) Importer(815301076,1909f56bfc062723c751e8b465ee728b)  -> (artifact id: '2e853839781342bc2f71b53b0486b6d9') in 0.007774 seconds 
  Import took 0.009395 seconds .

========================================================================
Received Import Request.
  Time since last request: 0.002355 seconds.
  path: Assets/Models/Material/skin_woman.mat
  artifactKey: Guid(67f2925d5abf95c43ae572b03be8eb24) Importer(815301076,1909f56bfc062723c751e8b465ee728b)
Start importing Assets/Models/Material/skin_woman.mat using Guid(67f2925d5abf95c43ae572b03be8eb24) Importer(815301076,1909f56bfc062723c751e8b465ee728b)  -> (artifact id: '72dae285901da6ea57c58e719ca32faf') in 0.007654 seconds 
  Import took 0.009295 seconds .

========================================================================
Received Import Request.
  Time since last request: 0.002521 seconds.
  path: Assets/Models/Material/skin_man.mat
  artifactKey: Guid(f972cac09446cf14abe36b7956dd8ecd) Importer(815301076,1909f56bfc062723c751e8b465ee728b)
Start importing Assets/Models/Material/skin_man.mat using Guid(f972cac09446cf14abe36b7956dd8ecd) Importer(815301076,1909f56bfc062723c751e8b465ee728b)  -> (artifact id: '1a5f7cff97a1bd025643de7f09d108b8') in 0.008083 seconds 
  Import took 0.009754 seconds .

========================================================================
Received Import Request.
  Time since last request: 0.002501 seconds.
  path: Assets/Models
  artifactKey: Guid(be47b7420ac97446ea228681aab22f1e) Importer(815301076,1909f56bfc062723c751e8b465ee728b)
Start importing Assets/Models using Guid(be47b7420ac97446ea228681aab22f1e) Importer(815301076,1909f56bfc062723c751e8b465ee728b)  -> (artifact id: '6059603d33c3b6ac763bfbb79c68cb51') in 0.002838 seconds 
  Import took 0.004449 seconds .

========================================================================
Received Import Request.
  Time since last request: 0.002422 seconds.
  path: Assets/Models/Material/skin_man.mat
  artifactKey: Guid(f972cac09446cf14abe36b7956dd8ecd) Importer(815301076,1909f56bfc062723c751e8b465ee728b)
Start importing Assets/Models/Material/skin_man.mat using Guid(f972cac09446cf14abe36b7956dd8ecd) Importer(815301076,1909f56bfc062723c751e8b465ee728b)  -> (artifact id: '1a5f7cff97a1bd025643de7f09d108b8') in 0.007295 seconds 
  Import took 0.008980 seconds .

========================================================================
Received Import Request.
  Time since last request: 0.002439 seconds.
  path: Assets/Models/Material/skin_manAlternative.mat
  artifactKey: Guid(b0e47c82acf5c6844b52ebd74f075ae0) Importer(815301076,1909f56bfc062723c751e8b465ee728b)
Start importing Assets/Models/Material/skin_manAlternative.mat using Guid(b0e47c82acf5c6844b52ebd74f075ae0) Importer(815301076,1909f56bfc062723c751e8b465ee728b)  -> (artifact id: 'f509e75b7a6c68d20e2868a5d8980bac') in 0.007351 seconds 
  Import took 0.009081 seconds .

========================================================================
Received Import Request.
  Time since last request: 0.002137 seconds.
  path: Assets/Models/Material/skin_man.png
  artifactKey: Guid(d07088bf6dc03be4bb744298b1bdb839) Importer(815301076,1909f56bfc062723c751e8b465ee728b)
Start importing Assets/Models/Material/skin_man.png using Guid(d07088bf6dc03be4bb744298b1bdb839) Importer(815301076,1909f56bfc062723c751e8b465ee728b)  -> (artifact id: '00889af0d54419adfa88103de251a076') in 0.006069 seconds 
  Import took 0.007728 seconds .

========================================================================
Received Import Request.
  Time since last request: 0.002310 seconds.
  path: Assets/Models/Material/skin_soldier.mat
  artifactKey: Guid(599a57b974e2a374cb049383448d1635) Importer(815301076,1909f56bfc062723c751e8b465ee728b)
Start importing Assets/Models/Material/skin_soldier.mat using Guid(599a57b974e2a374cb049383448d1635) Importer(815301076,1909f56bfc062723c751e8b465ee728b)  -> (artifact id: '10362fa3df759ae1147aac0f5c1e0c56') in 0.007279 seconds 
  Import took 0.009657 seconds .

========================================================================
Received Import Request.
  Time since last request: 0.002580 seconds.
  path: Assets/Models/Material/skin_orc.mat
  artifactKey: Guid(b73e1e46d6b90f54ba3ba1faa9550585) Importer(815301076,1909f56bfc062723c751e8b465ee728b)
Start importing Assets/Models/Material/skin_orc.mat using Guid(b73e1e46d6b90f54ba3ba1faa9550585) Importer(815301076,1909f56bfc062723c751e8b465ee728b)  -> (artifact id: 'db80b84db210c2e3d8be0594b4b010be') in 0.007163 seconds 
  Import took 0.009377 seconds .

========================================================================
Received Import Request.
  Time since last request: 3.426610 seconds.
  path: Assets/Models/Materials/lambert1.mat
  artifactKey: Guid(baa2502ce7ad1bf4eba0850a5cff25c4) Importer(815301076,1909f56bfc062723c751e8b465ee728b)
Start importing Assets/Models/Materials/lambert1.mat using Guid(baa2502ce7ad1bf4eba0850a5cff25c4) Importer(815301076,1909f56bfc062723c751e8b465ee728b)  -> (artifact id: 'b027f67f6c1aa25b99bc70238a403f35') in 0.007613 seconds 
  Import took 0.009159 seconds .

========================================================================
Received Import Request.
  Time since last request: 6.635370 seconds.
  path: Assets/Models/basicCharacter.fbx
  artifactKey: Guid(df38d25b6fd39b44eacfb4a2b784547c) Importer(815301076,1909f56bfc062723c751e8b465ee728b)
Start importing Assets/Models/basicCharacter.fbx using Guid(df38d25b6fd39b44eacfb4a2b784547c) Importer(815301076,1909f56bfc062723c751e8b465ee728b)  -> (artifact id: 'e62a192a95d9ad76aad9f1278ad65589') in 0.171395 seconds 
  Import took 0.173106 seconds .

========================================================================
Received Import Request.
  Time since last request: 0.002114 seconds.
  path: Assets/Models/coinSilver.fbx
  artifactKey: Guid(cc992caae967244cf9fb249d9d9fa418) Importer(815301076,1909f56bfc062723c751e8b465ee728b)
Start importing Assets/Models/coinSilver.fbx using Guid(cc992caae967244cf9fb249d9d9fa418) Importer(815301076,1909f56bfc062723c751e8b465ee728b)  -> (artifact id: '9574badf95ceeebd0dcf4afaad6e6e01') in 0.020885 seconds 
  Import took 0.022467 seconds .

========================================================================
Received Import Request.
  Time since last request: 0.002193 seconds.
  path: Assets/Models/coinGold.fbx
  artifactKey: Guid(2bb4bfcce386b482eae793c75592627f) Importer(815301076,1909f56bfc062723c751e8b465ee728b)
Start importing Assets/Models/coinGold.fbx using Guid(2bb4bfcce386b482eae793c75592627f) Importer(815301076,1909f56bfc062723c751e8b465ee728b)  -> (artifact id: '517e738770cbd90744110ffc2bea08ed') in 0.017273 seconds 
  Import took 0.018840 seconds .

========================================================================
Received Import Request.
  Time since last request: 0.001968 seconds.
  path: Assets/Models/coinBronze.fbx
  artifactKey: Guid(615e671fa763644288b0cb01d8379e18) Importer(815301076,1909f56bfc062723c751e8b465ee728b)
Start importing Assets/Models/coinBronze.fbx using Guid(615e671fa763644288b0cb01d8379e18) Importer(815301076,1909f56bfc062723c751e8b465ee728b)  -> (artifact id: '2240f8eeb9fb5d7f00aa47e71ce650f4') in 0.019486 seconds 
  Import took 0.021074 seconds .

========================================================================
Received Import Request.
  Time since last request: 10.685396 seconds.
  path: Assets/Models/Materials
  artifactKey: Guid(ec3dec72834666c48aa45b812cc54510) Importer(815301076,1909f56bfc062723c751e8b465ee728b)
Start importing Assets/Models/Materials using Guid(ec3dec72834666c48aa45b812cc54510) Importer(815301076,1909f56bfc062723c751e8b465ee728b)  -> (artifact id: '93a6efc18c274bcb9d212f42ffafb262') in 0.003001 seconds 
  Import took 0.004637 seconds .

AssetImportWorkerClient::OnTransportError - code=2 error=End of file
